<?xml version="1.0" encoding="UTF-8" ?>
<testsuite failures="0" time="0.013" errors="0" skipped="0" tests="4" name="com.iTeam.UserDaoImplTest">
  <properties>
[...]
</properties>
  <testcase time="0.002" classname="com.iTeam.UserDaoImplTest" name="testAddUser"/>
  <testcase time="0.001" classname="com.iTeam.UserDaoImplTest" name="testGetUser"/>
  <testcase time="0.009" classname="com.iTeam.UserDaoImplTest" name="testUpdateUser"/>
  <testcase time="0.001" classname="com.iTeam.UserDaoImplTest" name="testDeleteUser"/>
</testsuite>